2022:C 25 Feb 2026 02:03:35.759 # oO0OoO0OoO0Oo Redis is starting oO0OoO0OoO0Oo
2022:C 25 Feb 2026 02:03:35.759 # Redis version=7.0.15, bits=64, commit=00000000, modified=0, pid=2022, just started
2022:C 25 Feb 2026 02:03:35.759 # Configuration loaded
2022:M 25 Feb 2026 02:03:35.759 * monotonic clock: POSIX clock_gettime
2022:M 25 Feb 2026 02:03:35.760 * Running mode=standalone, port=6379.
2022:M 25 Feb 2026 02:03:35.760 # Server initialized
2022:M 25 Feb 2026 02:03:35.761 * Ready to accept connections
2022:M 25 Feb 2026 02:04:16.460 * 1 changes in 15 seconds. Saving...
2022:M 25 Feb 2026 02:04:16.462 * Background saving started by pid 2539
2539:C 25 Feb 2026 02:04:16.495 * DB saved on disk
2539:C 25 Feb 2026 02:04:16.496 * Fork CoW for RDB: current 0 MB, peak 0 MB, average 0 MB
2022:M 25 Feb 2026 02:04:16.563 * Background saving terminated with success
2022:M 25 Feb 2026 02:04:32.102 * 1 changes in 15 seconds. Saving...
2022:M 25 Feb 2026 02:04:32.103 * Background saving started by pid 2565
2565:C 25 Feb 2026 02:04:32.115 * DB saved on disk
2565:C 25 Feb 2026 02:04:32.116 * Fork CoW for RDB: current 0 MB, peak 0 MB, average 0 MB
2022:M 25 Feb 2026 02:04:32.203 * Background saving terminated with success
2022:M 25 Feb 2026 02:06:06.003 * 1 changes in 15 seconds. Saving...
2022:M 25 Feb 2026 02:06:06.004 * Background saving started by pid 2633
2633:C 25 Feb 2026 02:06:06.023 * DB saved on disk
2633:C 25 Feb 2026 02:06:06.024 * Fork CoW for RDB: current 0 MB, peak 0 MB, average 0 MB
2022:M 25 Feb 2026 02:06:06.106 * Background saving terminated with success
2022:M 25 Feb 2026 02:06:22.078 * 1 changes in 15 seconds. Saving...
2022:M 25 Feb 2026 02:06:22.079 * Background saving started by pid 2647
2647:C 25 Feb 2026 02:06:22.102 * DB saved on disk
2647:C 25 Feb 2026 02:06:22.103 * Fork CoW for RDB: current 0 MB, peak 0 MB, average 0 MB
2022:M 25 Feb 2026 02:06:22.181 * Background saving terminated with success
2022:M 25 Feb 2026 02:59:49.968 * 1 changes in 15 seconds. Saving...
2022:M 25 Feb 2026 02:59:49.969 * Background saving started by pid 4773
4773:C 25 Feb 2026 02:59:49.991 * DB saved on disk
4773:C 25 Feb 2026 02:59:49.991 * Fork CoW for RDB: current 0 MB, peak 0 MB, average 0 MB
2022:M 25 Feb 2026 02:59:50.070 * Background saving terminated with success
2022:M 25 Feb 2026 03:55:12.991 * 1 changes in 15 seconds. Saving...
2022:M 25 Feb 2026 03:55:13.010 * Background saving started by pid 6972
6972:C 25 Feb 2026 03:55:13.132 * DB saved on disk
6972:C 25 Feb 2026 03:55:13.133 * Fork CoW for RDB: current 0 MB, peak 0 MB, average 0 MB
2022:M 25 Feb 2026 03:55:13.216 * Background saving terminated with success
2022:M 25 Feb 2026 04:50:35.927 * 1 changes in 15 seconds. Saving...
2022:M 25 Feb 2026 04:50:35.929 * Background saving started by pid 9182
9182:C 25 Feb 2026 04:50:35.946 * DB saved on disk
9182:C 25 Feb 2026 04:50:35.947 * Fork CoW for RDB: current 0 MB, peak 0 MB, average 0 MB
2022:M 25 Feb 2026 04:50:36.035 * Background saving terminated with success
2022:M 25 Feb 2026 04:50:52.085 * 1 changes in 15 seconds. Saving...
2022:M 25 Feb 2026 04:50:52.086 * Background saving started by pid 9193
9193:C 25 Feb 2026 04:50:52.101 * DB saved on disk
9193:C 25 Feb 2026 04:50:52.101 * Fork CoW for RDB: current 0 MB, peak 0 MB, average 0 MB
2022:M 25 Feb 2026 04:50:52.190 * Background saving terminated with success
2022:M 25 Feb 2026 05:46:10.323 * 1 changes in 15 seconds. Saving...
2022:M 25 Feb 2026 05:46:10.325 * Background saving started by pid 11369
11369:C 25 Feb 2026 05:46:10.342 * DB saved on disk
11369:C 25 Feb 2026 05:46:10.344 * Fork CoW for RDB: current 0 MB, peak 0 MB, average 0 MB
2022:M 25 Feb 2026 05:46:10.427 * Background saving terminated with success
2022:M 25 Feb 2026 06:41:33.651 * 1 changes in 15 seconds. Saving...
2022:M 25 Feb 2026 06:41:33.652 * Background saving started by pid 13567
13567:C 25 Feb 2026 06:41:33.672 * DB saved on disk
13567:C 25 Feb 2026 06:41:33.673 * Fork CoW for RDB: current 0 MB, peak 0 MB, average 0 MB
2022:M 25 Feb 2026 06:41:33.753 * Background saving terminated with success
2022:M 25 Feb 2026 07:38:04.721 * 1 changes in 15 seconds. Saving...
2022:M 25 Feb 2026 07:38:04.723 * Background saving started by pid 15777
15777:C 25 Feb 2026 07:38:04.741 * DB saved on disk
15777:C 25 Feb 2026 07:38:04.742 * Fork CoW for RDB: current 0 MB, peak 0 MB, average 0 MB
2022:M 25 Feb 2026 07:38:04.824 * Background saving terminated with success
2022:M 25 Feb 2026 07:38:20.064 * 1 changes in 15 seconds. Saving...
2022:M 25 Feb 2026 07:38:20.065 * Background saving started by pid 15787
15787:C 25 Feb 2026 07:38:20.078 * DB saved on disk
15787:C 25 Feb 2026 07:38:20.079 * Fork CoW for RDB: current 0 MB, peak 0 MB, average 0 MB
2022:M 25 Feb 2026 07:38:20.165 * Background saving terminated with success
2022:M 25 Feb 2026 07:39:54.645 * 1 changes in 15 seconds. Saving...
2022:M 25 Feb 2026 07:39:54.646 * Background saving started by pid 15845
15845:C 25 Feb 2026 07:39:54.663 * DB saved on disk
15845:C 25 Feb 2026 07:39:54.664 * Fork CoW for RDB: current 0 MB, peak 0 MB, average 0 MB
2022:M 25 Feb 2026 07:39:54.747 * Background saving terminated with success
2022:M 25 Feb 2026 08:38:02.893 * 1 changes in 15 seconds. Saving...
2022:M 25 Feb 2026 08:38:02.895 * Background saving started by pid 17981
17981:C 25 Feb 2026 08:38:02.914 * DB saved on disk
17981:C 25 Feb 2026 08:38:02.915 * Fork CoW for RDB: current 0 MB, peak 0 MB, average 0 MB
2022:M 25 Feb 2026 08:38:02.996 * Background saving terminated with success
